build/app/intermediates/manifest_merge_blame_file/debug/manifest-merger-blame-debug-report.txt
1<?xml version="1.0" encoding="utf-8"?>
2<manifest xmlns:android="http://schemas.android.com/apk/res/android"
3    package="com.example.qrcode"
4    android:versionCode="1"
5    android:versionName="1.0.0" >
6
7    <uses-sdk
8        android:minSdkVersion="16"
9        android:targetSdkVersion="31" />
10    <!--
11         Flutter needs it to communicate with the running application
12         to allow setting breakpoints, to provide hot reload, etc.
13    -->
14    <uses-permission android:name="android.permission.INTERNET" />
14-->src/debug/AndroidManifest.xml:6:5-66
14-->src/debug/AndroidManifest.xml:6:22-64
15    <uses-permission android:name="android.permission.CAMERA" />
15-->[:flutter_qr_bar_scanner] AndroidManifest.xml:7:5-65
15-->[:flutter_qr_bar_scanner] AndroidManifest.xml:7:22-62
16
17    <uses-feature
17-->[:flutter_qr_bar_scanner] AndroidManifest.xml:9:5-11:35
18        android:name="android.hardware.camera.autofocus"
18-->[:flutter_qr_bar_scanner] AndroidManifest.xml:10:9-57
19        android:required="true" /> <!-- Although the *SdkVersion is captured in gradle build files, this is required for non gradle builds -->
19-->[:flutter_qr_bar_scanner] AndroidManifest.xml:11:9-32
20    <!-- <uses-sdk android:minSdkVersion="14"/> -->
21    <uses-permission android:name="android.permission.ACCESS_NETWORK_STATE" />
21-->[com.google.android.datatransport:transport-backend-cct:2.3.2] AndroidManifest.xml:25:5-79
21-->[com.google.android.datatransport:transport-backend-cct:2.3.2] AndroidManifest.xml:25:22-76
22
23    <application
24        android:name="android.app.Application"
25        android:appComponentFactory="androidx.core.app.CoreComponentFactory"
25-->[androidx.core:core:1.6.0] AndroidManifest.xml:24:18-86
26        android:debuggable="true"
27        android:icon="@mipmap/ic_launcher"
28        android:label="qrcode" >
29        <activity
30            android:name="com.example.qrcode.MainActivity"
31            android:configChanges="orientation|keyboardHidden|keyboard|screenSize|smallestScreenSize|locale|layoutDirection|fontScale|screenLayout|density|uiMode"
32            android:exported="true"
33            android:hardwareAccelerated="true"
34            android:launchMode="singleTop"
35            android:theme="@style/LaunchTheme"
36            android:windowSoftInputMode="adjustResize" >
37
38            <!--
39                 Specifies an Android theme to apply to this Activity as soon as
40                 the Android process has started. This theme is visible to the user
41                 while the Flutter UI initializes. After that, this theme continues
42                 to determine the Window background behind the Flutter UI.
43            -->
44            <meta-data
45                android:name="io.flutter.embedding.android.NormalTheme"
46                android:resource="@style/NormalTheme" />
47
48            <intent-filter>
49                <action android:name="android.intent.action.MAIN" />
50
51                <category android:name="android.intent.category.LAUNCHER" />
52            </intent-filter>
53        </activity>
54        <!--
55             Don't delete the meta-data below.
56             This is used by the Flutter tool to generate GeneratedPluginRegistrant.java
57        -->
58        <meta-data
59            android:name="flutterEmbedding"
60            android:value="2" />
61        <meta-data
61-->[:flutter_qr_bar_scanner] AndroidManifest.xml:14:9-16:39
62            android:name="com.google.android.gms.vision.DEPENDENCIES"
62-->[:flutter_qr_bar_scanner] AndroidManifest.xml:15:13-70
63            android:value="barcode" />
63-->[:flutter_qr_bar_scanner] AndroidManifest.xml:16:13-36
64
65        <uses-library
65-->[androidx.window:window:1.0.0-beta04] AndroidManifest.xml:25:9-27:40
66            android:name="androidx.window.extensions"
66-->[androidx.window:window:1.0.0-beta04] AndroidManifest.xml:26:13-54
67            android:required="false" />
67-->[androidx.window:window:1.0.0-beta04] AndroidManifest.xml:27:13-37
68        <uses-library
68-->[androidx.window:window:1.0.0-beta04] AndroidManifest.xml:28:9-30:40
69            android:name="androidx.window.sidecar"
69-->[androidx.window:window:1.0.0-beta04] AndroidManifest.xml:29:13-51
70            android:required="false" />
70-->[androidx.window:window:1.0.0-beta04] AndroidManifest.xml:30:13-37
71
72        <service
72-->[com.google.android.gms:play-services-mlkit-barcode-scanning:16.1.4] AndroidManifest.xml:9:9-15:19
73            android:name="com.google.mlkit.common.internal.MlKitComponentDiscoveryService"
73-->[com.google.android.gms:play-services-mlkit-barcode-scanning:16.1.4] AndroidManifest.xml:10:13-91
74            android:directBootAware="true"
74-->[com.google.mlkit:common:17.1.1] AndroidManifest.xml:17:13-43
75            android:exported="false" >
75-->[com.google.android.gms:play-services-mlkit-barcode-scanning:16.1.4] AndroidManifest.xml:11:13-37
76            <meta-data
76-->[com.google.android.gms:play-services-mlkit-barcode-scanning:16.1.4] AndroidManifest.xml:12:13-14:85
77                android:name="com.google.firebase.components:com.google.mlkit.vision.barcode.internal.BarcodeRegistrar"
77-->[com.google.android.gms:play-services-mlkit-barcode-scanning:16.1.4] AndroidManifest.xml:13:17-120
78                android:value="com.google.firebase.components.ComponentRegistrar" />
78-->[com.google.android.gms:play-services-mlkit-barcode-scanning:16.1.4] AndroidManifest.xml:14:17-82
79            <meta-data
79-->[com.google.mlkit:vision-common:16.3.0] AndroidManifest.xml:12:13-14:85
80                android:name="com.google.firebase.components:com.google.mlkit.vision.common.internal.VisionCommonRegistrar"
80-->[com.google.mlkit:vision-common:16.3.0] AndroidManifest.xml:13:17-124
81                android:value="com.google.firebase.components.ComponentRegistrar" />
81-->[com.google.mlkit:vision-common:16.3.0] AndroidManifest.xml:14:17-82
82            <meta-data
82-->[com.google.mlkit:common:17.1.1] AndroidManifest.xml:20:13-22:85
83                android:name="com.google.firebase.components:com.google.mlkit.common.internal.CommonComponentRegistrar"
83-->[com.google.mlkit:common:17.1.1] AndroidManifest.xml:21:17-120
84                android:value="com.google.firebase.components.ComponentRegistrar" />
84-->[com.google.mlkit:common:17.1.1] AndroidManifest.xml:22:17-82
85        </service>
86
87        <provider
87-->[com.google.mlkit:common:17.1.1] AndroidManifest.xml:9:9-13:38
88            android:name="com.google.mlkit.common.internal.MlKitInitProvider"
88-->[com.google.mlkit:common:17.1.1] AndroidManifest.xml:10:13-78
89            android:authorities="com.example.qrcode.mlkitinitprovider"
89-->[com.google.mlkit:common:17.1.1] AndroidManifest.xml:11:13-69
90            android:exported="false"
90-->[com.google.mlkit:common:17.1.1] AndroidManifest.xml:12:13-37
91            android:initOrder="99" />
91-->[com.google.mlkit:common:17.1.1] AndroidManifest.xml:13:13-35
92
93        <activity
93-->[com.google.android.gms:play-services-base:17.4.0] AndroidManifest.xml:23:9-26:75
94            android:name="com.google.android.gms.common.api.GoogleApiActivity"
94-->[com.google.android.gms:play-services-base:17.4.0] AndroidManifest.xml:24:13-79
95            android:exported="false"
95-->[com.google.android.gms:play-services-base:17.4.0] AndroidManifest.xml:25:13-37
96            android:theme="@android:style/Theme.Translucent.NoTitleBar" />
96-->[com.google.android.gms:play-services-base:17.4.0] AndroidManifest.xml:26:13-72
97
98        <meta-data
98-->[com.google.android.gms:play-services-basement:17.4.0] AndroidManifest.xml:23:9-25:69
99            android:name="com.google.android.gms.version"
99-->[com.google.android.gms:play-services-basement:17.4.0] AndroidManifest.xml:24:13-58
100            android:value="@integer/google_play_services_version" />
100-->[com.google.android.gms:play-services-basement:17.4.0] AndroidManifest.xml:25:13-66
101
102        <service
102-->[com.google.android.datatransport:transport-backend-cct:2.3.2] AndroidManifest.xml:29:9-35:19
103            android:name="com.google.android.datatransport.runtime.backends.TransportBackendDiscovery"
103-->[com.google.android.datatransport:transport-backend-cct:2.3.2] AndroidManifest.xml:30:13-103
104            android:exported="false" >
104-->[com.google.android.datatransport:transport-backend-cct:2.3.2] AndroidManifest.xml:31:13-37
105            <meta-data
105-->[com.google.android.datatransport:transport-backend-cct:2.3.2] AndroidManifest.xml:32:13-34:39
106                android:name="backend:com.google.android.datatransport.cct.CctBackendFactory"
106-->[com.google.android.datatransport:transport-backend-cct:2.3.2] AndroidManifest.xml:33:17-94
107                android:value="cct" />
107-->[com.google.android.datatransport:transport-backend-cct:2.3.2] AndroidManifest.xml:34:17-36
108        </service>
109        <service
109-->[com.google.android.datatransport:transport-runtime:2.2.5] AndroidManifest.xml:26:9-30:19
110            android:name="com.google.android.datatransport.runtime.scheduling.jobscheduling.JobInfoSchedulerService"
110-->[com.google.android.datatransport:transport-runtime:2.2.5] AndroidManifest.xml:27:13-117
111            android:exported="false"
111-->[com.google.android.datatransport:transport-runtime:2.2.5] AndroidManifest.xml:28:13-37
112            android:permission="android.permission.BIND_JOB_SERVICE" >
112-->[com.google.android.datatransport:transport-runtime:2.2.5] AndroidManifest.xml:29:13-69
113        </service>
114
115        <receiver
115-->[com.google.android.datatransport:transport-runtime:2.2.5] AndroidManifest.xml:32:9-34:40
116            android:name="com.google.android.datatransport.runtime.scheduling.jobscheduling.AlarmManagerSchedulerBroadcastReceiver"
116-->[com.google.android.datatransport:transport-runtime:2.2.5] AndroidManifest.xml:33:13-132
117            android:exported="false" />
117-->[com.google.android.datatransport:transport-runtime:2.2.5] AndroidManifest.xml:34:13-37
118    </application>
119
120</manifest>